<?xml version="1.0" encoding="UTF-8"?>
<!-- Generated by org.testng.reporters.JUnitXMLReporter -->
<testsuite ignored="0" hostname="shivani" failures="0" tests="6" name="Default test" time="10.604" errors="0" timestamp="2023-10-03T23:08:56 IST">
  <testcase classname="api.test.DDTests" name="testPostuser" time="3.125"/>
  <testcase classname="api.test.DDTests" name="testPostuser" time="1.288"/>
  <testcase classname="api.test.DDTests" name="testPostuser" time="1.32"/>
  <testcase classname="api.test.DDTests" name="testDeleteUserByName" time="1.157"/>
  <testcase classname="api.test.DDTests" name="testDeleteUserByName" time="1.177"/>
  <testcase classname="api.test.DDTests" name="testDeleteUserByName" time="1.143"/>
</testsuite> <!-- Default test -->
