<?xml version="1.0" encoding="UTF-8"?>
<!-- Generated by org.testng.reporters.JUnitXMLReporter -->
<testsuite ignored="0" hostname="shivani" failures="0" tests="4" name="PetTests" time="8.894" errors="0" timestamp="2023-10-05T16:08:39 IST">
  <testcase classname="api.test.UserTests2" name="testPostUser" time="3.068"/>
  <testcase classname="api.test.UserTests2" name="testGetUserByName" time="1.199"/>
  <testcase classname="api.test.UserTests2" name="testUpdateUserByName" time="2.392"/>
  <testcase classname="api.test.UserTests2" name="testDeleteUserByName" time="1.121"/>
</testsuite> <!-- PetTests -->
