<?xml version="1.0" encoding="UTF-8"?>
<!-- Generated by org.testng.reporters.JUnitXMLReporter -->
<testsuite ignored="0" hostname="shivani" failures="0" tests="4" name="PetTests" time="9.393" errors="0" timestamp="2023-10-04T21:25:32 IST">
  <testcase classname="api.test.UserTests2" name="testPostUser" time="3.124"/>
  <testcase classname="api.test.UserTests2" name="testGetUserByName" time="1.407"/>
  <testcase classname="api.test.UserTests2" name="testUpdateUserByName" time="2.66"/>
  <testcase classname="api.test.UserTests2" name="testDeleteUserByName" time="1.165"/>
</testsuite> <!-- PetTests -->
